# JRE version: OpenJDK Runtime Environment Temurin-21.0.9+10 (21.0.9+10) (build 21.0.9+10-LTS)
# Java VM: OpenJDK 64-Bit Server VM Temurin-21.0.9+10 (21.0.9+10-LTS, mixed mode, sharing, tiered, compressed oops, compressed class ptrs, parallel gc, windows-amd64)
GC Precious Log:
 CardTable entry size: 512
 CPUs: 8 total, 8 available
 Memory: 7834M
 Large Page Support: Disabled
 NUMA Support: Disabled
 Compressed Oops: Enabled (32-bit)
 Alignments: Space 512K, Generation 512K, Heap 2M
 Heap Min Capacity: 100M
 Heap Initial Capacity: 100M
 Heap Max Capacity: 2G
 Pre-touch: Disabled
 Parallel Workers: 8
Heap:
 PSYoungGen      total 26624K, used 22771K [0x00000000d5580000, 0x00000000d7300000, 0x0000000100000000)
  eden space 22016K, 93% used [0x00000000d5580000,0x00000000d6996b68,0x00000000d6b00000)
  from space 4608K, 47% used [0x00000000d6b00000,0x00000000d6d26210,0x00000000d6f80000)
  to   space 3072K, 0% used [0x00000000d7000000,0x00000000d7000000,0x00000000d7300000)
 ParOldGen       total 68608K, used 50921K [0x0000000080000000, 0x0000000084300000, 0x00000000d5580000)
  object space 68608K, 74% used [0x0000000080000000,0x00000000831ba4f8,0x0000000084300000)
 Metaspace       used 61886K, committed 63168K, reserved 1114112K
  class space    used 7312K, committed 7872K, reserved 1048576K
GC Heap History (20 events):
Event: 26.826 GC heap before
{Heap before GC invocations=29 (full 2):
 PSYoungGen      total 22528K, used 7917K [0x00000000d5580000, 0x00000000d7600000, 0x0000000100000000)
  eden space 22016K, 33% used [0x00000000d5580000,0x00000000d5cc3708,0x00000000d6b00000)
  from space 512K, 93% used [0x00000000d7580000,0x00000000d75f8020,0x00000000d7600000)
  to   space 3072K, 0% used [0x00000000d7000000,0x00000000d7000000,0x00000000d7300000)
 ParOldGen       total 68608K, used 41746K [0x0000000080000000, 0x0000000084300000, 0x00000000d5580000)
  object space 68608K, 60% used [0x0000000080000000,0x00000000828c4b68,0x0000000084300000)
 Metaspace       used 58504K, committed 59776K, reserved 1114112K
  class space    used 6918K, committed 7488K, reserved 1048576K
}
Event: 26.827 GC heap after
{Heap after GC invocations=29 (full 2):
 PSYoungGen      total 25088K, used 352K [0x00000000d5580000, 0x00000000d7600000, 0x0000000100000000)
  eden space 22016K, 0% used [0x00000000d5580000,0x00000000d5580000,0x00000000d6b00000)
  from space 3072K, 11% used [0x00000000d7000000,0x00000000d7058000,0x00000000d7300000)
  to   space 1536K, 0% used [0x00000000d7480000,0x00000000d7480000,0x00000000d7600000)
 ParOldGen       total 68608K, used 42250K [0x0000000080000000, 0x0000000084300000, 0x00000000d5580000)
  object space 68608K, 61% used [0x0000000080000000,0x0000000082942b88,0x0000000084300000)
 Metaspace       used 58504K, committed 59776K, reserved 1114112K
  class space    used 6918K, committed 7488K, reserved 1048576K
}
Event: 26.827 GC heap before
{Heap before GC invocations=30 (full 3):
 PSYoungGen      total 25088K, used 352K [0x00000000d5580000, 0x00000000d7600000, 0x0000000100000000)
  eden space 22016K, 0% used [0x00000000d5580000,0x00000000d5580000,0x00000000d6b00000)
  from space 3072K, 11% used [0x00000000d7000000,0x00000000d7058000,0x00000000d7300000)
  to   space 1536K, 0% used [0x00000000d7480000,0x00000000d7480000,0x00000000d7600000)
 ParOldGen       total 68608K, used 42250K [0x0000000080000000, 0x0000000084300000, 0x00000000d5580000)
  object space 68608K, 61% used [0x0000000080000000,0x0000000082942b88,0x0000000084300000)
 Metaspace       used 58504K, committed 59776K, reserved 1114112K
  class space    used 6918K, committed 7488K, reserved 1048576K
}
Event: 26.894 GC heap after
{Heap after GC invocations=30 (full 3):
 PSYoungGen      total 25088K, used 0K [0x00000000d5580000, 0x00000000d7600000, 0x0000000100000000)
  eden space 22016K, 0% used [0x00000000d5580000,0x00000000d5580000,0x00000000d6b00000)
  from space 3072K, 0% used [0x00000000d7000000,0x00000000d7000000,0x00000000d7300000)
  to   space 1536K, 0% used [0x00000000d7480000,0x00000000d7480000,0x00000000d7600000)
 ParOldGen       total 68608K, used 40354K [0x0000000080000000, 0x0000000084300000, 0x00000000d5580000)
  object space 68608K, 58% used [0x0000000080000000,0x0000000082768920,0x0000000084300000)
 Metaspace       used 58504K, committed 59776K, reserved 1114112K
  class space    used 6918K, committed 7488K, reserved 1048576K
}
Event: 27.758 GC heap before
{Heap before GC invocations=31 (full 3):
 PSYoungGen      total 25088K, used 22016K [0x00000000d5580000, 0x00000000d7600000, 0x0000000100000000)
  eden space 22016K, 100% used [0x00000000d5580000,0x00000000d6b00000,0x00000000d6b00000)
  from space 3072K, 0% used [0x00000000d7000000,0x00000000d7000000,0x00000000d7300000)
  to   space 1536K, 0% used [0x00000000d7480000,0x00000000d7480000,0x00000000d7600000)
 ParOldGen       total 68608K, used 40354K [0x0000000080000000, 0x0000000084300000, 0x00000000d5580000)
  object space 68608K, 58% used [0x0000000080000000,0x0000000082768920,0x0000000084300000)
 Metaspace       used 58985K, committed 60288K, reserved 1114112K
  class space    used 7021K, committed 7616K, reserved 1048576K
}
Event: 27.759 GC heap after
{Heap after GC invocations=31 (full 3):
 PSYoungGen      total 22528K, used 352K [0x00000000d5580000, 0x00000000d7500000, 0x0000000100000000)
  eden space 22016K, 0% used [0x00000000d5580000,0x00000000d5580000,0x00000000d6b00000)
  from space 512K, 68% used [0x00000000d7480000,0x00000000d74d8000,0x00000000d7500000)
  to   space 512K, 0% used [0x00000000d7400000,0x00000000d7400000,0x00000000d7480000)
 ParOldGen       total 68608K, used 40362K [0x0000000080000000, 0x0000000084300000, 0x00000000d5580000)
  object space 68608K, 58% used [0x0000000080000000,0x000000008276a920,0x0000000084300000)
 Metaspace       used 58985K, committed 60288K, reserved 1114112K
  class space    used 7021K, committed 7616K, reserved 1048576K
}
Event: 28.242 GC heap before
{Heap before GC invocations=32 (full 3):
 PSYoungGen      total 22528K, used 22366K [0x00000000d5580000, 0x00000000d7500000, 0x0000000100000000)
  eden space 22016K, 99% used [0x00000000d5580000,0x00000000d6affbf0,0x00000000d6b00000)
  from space 512K, 68% used [0x00000000d7480000,0x00000000d74d8000,0x00000000d7500000)
  to   space 512K, 0% used [0x00000000d7400000,0x00000000d7400000,0x00000000d7480000)
 ParOldGen       total 68608K, used 40362K [0x0000000080000000, 0x0000000084300000, 0x00000000d5580000)
  object space 68608K, 58% used [0x0000000080000000,0x000000008276a920,0x0000000084300000)
 Metaspace       used 59842K, committed 61120K, reserved 1114112K
  class space    used 7118K, committed 7680K, reserved 1048576K
}
Event: 28.244 GC heap after
{Heap after GC invocations=32 (full 3):
 PSYoungGen      total 22528K, used 488K [0x00000000d5580000, 0x00000000d7500000, 0x0000000100000000)
  eden space 22016K, 0% used [0x00000000d5580000,0x00000000d5580000,0x00000000d6b00000)
  from space 512K, 95% used [0x00000000d7400000,0x00000000d747a1b8,0x00000000d7480000)
  to   space 512K, 0% used [0x00000000d7480000,0x00000000d7480000,0x00000000d7500000)
 ParOldGen       total 68608K, used 40618K [0x0000000080000000, 0x0000000084300000, 0x00000000d5580000)
  object space 68608K, 59% used [0x0000000080000000,0x00000000827aa920,0x0000000084300000)
 Metaspace       used 59842K, committed 61120K, reserved 1114112K
  class space    used 7118K, committed 7680K, reserved 1048576K
}
Event: 28.717 GC heap before
{Heap before GC invocations=33 (full 3):
 PSYoungGen      total 22528K, used 22504K [0x00000000d5580000, 0x00000000d7500000, 0x0000000100000000)
  eden space 22016K, 100% used [0x00000000d5580000,0x00000000d6b00000,0x00000000d6b00000)
  from space 512K, 95% used [0x00000000d7400000,0x00000000d747a1b8,0x00000000d7480000)
  to   space 512K, 0% used [0x00000000d7480000,0x00000000d7480000,0x00000000d7500000)
 ParOldGen       total 68608K, used 40618K [0x0000000080000000, 0x0000000084300000, 0x00000000d5580000)
  object space 68608K, 59% used [0x0000000080000000,0x00000000827aa920,0x0000000084300000)
 Metaspace       used 60784K, committed 62144K, reserved 1114112K
  class space    used 7195K, committed 7808K, reserved 1048576K
}
Event: 28.722 GC heap after
{Heap after GC invocations=33 (full 3):
 PSYoungGen      total 22528K, used 480K [0x00000000d5580000, 0x00000000d7500000, 0x0000000100000000)
  eden space 22016K, 0% used [0x00000000d5580000,0x00000000d5580000,0x00000000d6b00000)
  from space 512K, 93% used [0x00000000d7480000,0x00000000d74f8030,0x00000000d7500000)
  to   space 3072K, 0% used [0x00000000d6f00000,0x00000000d6f00000,0x00000000d7200000)
 ParOldGen       total 68608K, used 42393K [0x0000000080000000, 0x0000000084300000, 0x00000000d5580000)
  object space 68608K, 61% used [0x0000000080000000,0x0000000082966558,0x0000000084300000)
 Metaspace       used 60784K, committed 62144K, reserved 1114112K
  class space    used 7195K, committed 7808K, reserved 1048576K
}
Event: 29.075 GC heap before
{Heap before GC invocations=34 (full 3):
 PSYoungGen      total 22528K, used 22496K [0x00000000d5580000, 0x00000000d7500000, 0x0000000100000000)
  eden space 22016K, 100% used [0x00000000d5580000,0x00000000d6b00000,0x00000000d6b00000)
  from space 512K, 93% used [0x00000000d7480000,0x00000000d74f8030,0x00000000d7500000)
  to   space 3072K, 0% used [0x00000000d6f00000,0x00000000d6f00000,0x00000000d7200000)
 ParOldGen       total 68608K, used 42393K [0x0000000080000000, 0x0000000084300000, 0x00000000d5580000)
  object space 68608K, 61% used [0x0000000080000000,0x0000000082966558,0x0000000084300000)
 Metaspace       used 61047K, committed 62336K, reserved 1114112K
  class space    used 7235K, committed 7808K, reserved 1048576K
}
Event: 29.080 GC heap after
{Heap after GC invocations=34 (full 3):
 PSYoungGen      total 25088K, used 2338K [0x00000000d5580000, 0x00000000d7500000, 0x0000000100000000)
  eden space 22016K, 0% used [0x00000000d5580000,0x00000000d5580000,0x00000000d6b00000)
  from space 3072K, 76% used [0x00000000d6f00000,0x00000000d7148820,0x00000000d7200000)
  to   space 2560K, 0% used [0x00000000d7280000,0x00000000d7280000,0x00000000d7500000)
 ParOldGen       total 68608K, used 42870K [0x0000000080000000, 0x0000000084300000, 0x00000000d5580000)
  object space 68608K, 62% used [0x0000000080000000,0x00000000829ddb60,0x0000000084300000)
 Metaspace       used 61047K, committed 62336K, reserved 1114112K
  class space    used 7235K, committed 7808K, reserved 1048576K
}
Event: 29.314 GC heap before
{Heap before GC invocations=35 (full 3):
 PSYoungGen      total 25088K, used 24354K [0x00000000d5580000, 0x00000000d7500000, 0x0000000100000000)
  eden space 22016K, 100% used [0x00000000d5580000,0x00000000d6b00000,0x00000000d6b00000)
  from space 3072K, 76% used [0x00000000d6f00000,0x00000000d7148820,0x00000000d7200000)
  to   space 2560K, 0% used [0x00000000d7280000,0x00000000d7280000,0x00000000d7500000)
 ParOldGen       total 68608K, used 42870K [0x0000000080000000, 0x0000000084300000, 0x00000000d5580000)
  object space 68608K, 62% used [0x0000000080000000,0x00000000829ddb60,0x0000000084300000)
 Metaspace       used 61207K, committed 62592K, reserved 1114112K
  class space    used 7259K, committed 7872K, reserved 1048576K
}
Event: 29.319 GC heap after
{Heap after GC invocations=35 (full 3):
 PSYoungGen      total 24576K, used 2080K [0x00000000d5580000, 0x00000000d7500000, 0x0000000100000000)
  eden space 22016K, 0% used [0x00000000d5580000,0x00000000d5580000,0x00000000d6b00000)
  from space 2560K, 81% used [0x00000000d7280000,0x00000000d7488010,0x00000000d7500000)
  to   space 2560K, 0% used [0x00000000d7000000,0x00000000d7000000,0x00000000d7280000)
 ParOldGen       total 68608K, used 45000K [0x0000000080000000, 0x0000000084300000, 0x00000000d5580000)
  object space 68608K, 65% used [0x0000000080000000,0x0000000082bf2370,0x0000000084300000)
 Metaspace       used 61207K, committed 62592K, reserved 1114112K
  class space    used 7259K, committed 7872K, reserved 1048576K
}
Event: 29.421 GC heap before
{Heap before GC invocations=36 (full 3):
 PSYoungGen      total 24576K, used 24096K [0x00000000d5580000, 0x00000000d7500000, 0x0000000100000000)
  eden space 22016K, 100% used [0x00000000d5580000,0x00000000d6b00000,0x00000000d6b00000)
  from space 2560K, 81% used [0x00000000d7280000,0x00000000d7488010,0x00000000d7500000)
  to   space 2560K, 0% used [0x00000000d7000000,0x00000000d7000000,0x00000000d7280000)
 ParOldGen       total 68608K, used 45000K [0x0000000080000000, 0x0000000084300000, 0x00000000d5580000)
  object space 68608K, 65% used [0x0000000080000000,0x0000000082bf2370,0x0000000084300000)
 Metaspace       used 61226K, committed 62592K, reserved 1114112K
  class space    used 7259K, committed 7872K, reserved 1048576K
}
Event: 29.427 GC heap after
{Heap after GC invocations=36 (full 3):
 PSYoungGen      total 24576K, used 2276K [0x00000000d5580000, 0x00000000d7300000, 0x0000000100000000)
  eden space 22016K, 0% used [0x00000000d5580000,0x00000000d5580000,0x00000000d6b00000)
  from space 2560K, 88% used [0x00000000d7000000,0x00000000d7239000,0x00000000d7280000)
  to   space 512K, 0% used [0x00000000d7280000,0x00000000d7280000,0x00000000d7300000)
 ParOldGen       total 68608K, used 46909K [0x0000000080000000, 0x0000000084300000, 0x00000000d5580000)
  object space 68608K, 68% used [0x0000000080000000,0x0000000082dcf4f8,0x0000000084300000)
 Metaspace       used 61226K, committed 62592K, reserved 1114112K
  class space    used 7259K, committed 7872K, reserved 1048576K
}
Event: 29.523 GC heap before
{Heap before GC invocations=37 (full 3):
 PSYoungGen      total 24576K, used 24292K [0x00000000d5580000, 0x00000000d7300000, 0x0000000100000000)
  eden space 22016K, 100% used [0x00000000d5580000,0x00000000d6b00000,0x00000000d6b00000)
  from space 2560K, 88% used [0x00000000d7000000,0x00000000d7239000,0x00000000d7280000)
  to   space 512K, 0% used [0x00000000d7280000,0x00000000d7280000,0x00000000d7300000)
 ParOldGen       total 68608K, used 46909K [0x0000000080000000, 0x0000000084300000, 0x00000000d5580000)
  object space 68608K, 68% used [0x0000000080000000,0x0000000082dcf4f8,0x0000000084300000)
 Metaspace       used 61230K, committed 62592K, reserved 1114112K
  class space    used 7259K, committed 7872K, reserved 1048576K
}
Event: 29.532 GC heap after
{Heap after GC invocations=37 (full 3):
 PSYoungGen      total 22528K, used 512K [0x00000000d5580000, 0x00000000d7400000, 0x0000000100000000)
  eden space 22016K, 0% used [0x00000000d5580000,0x00000000d5580000,0x00000000d6b00000)
  from space 512K, 100% used [0x00000000d7280000,0x00000000d7300000,0x00000000d7300000)
  to   space 4608K, 0% used [0x00000000d6b00000,0x00000000d6b00000,0x00000000d6f80000)
 ParOldGen       total 68608K, used 50377K [0x0000000080000000, 0x0000000084300000, 0x00000000d5580000)
  object space 68608K, 73% used [0x0000000080000000,0x00000000831324f8,0x0000000084300000)
 Metaspace       used 61230K, committed 62592K, reserved 1114112K
  class space    used 7259K, committed 7872K, reserved 1048576K
}
Event: 29.656 GC heap before
{Heap before GC invocations=38 (full 3):
 PSYoungGen      total 22528K, used 22528K [0x00000000d5580000, 0x00000000d7400000, 0x0000000100000000)
  eden space 22016K, 100% used [0x00000000d5580000,0x00000000d6b00000,0x00000000d6b00000)
  from space 512K, 100% used [0x00000000d7280000,0x00000000d7300000,0x00000000d7300000)
  to   space 4608K, 0% used [0x00000000d6b00000,0x00000000d6b00000,0x00000000d6f80000)
 ParOldGen       total 68608K, used 50377K [0x0000000080000000, 0x0000000084300000, 0x00000000d5580000)
  object space 68608K, 73% used [0x0000000080000000,0x00000000831324f8,0x0000000084300000)
 Metaspace       used 61255K, committed 62592K, reserved 1114112K
  class space    used 7260K, committed 7872K, reserved 1048576K
}
Event: 29.661 GC heap after
{Heap after GC invocations=38 (full 3):
 PSYoungGen      total 26624K, used 2200K [0x00000000d5580000, 0x00000000d7300000, 0x0000000100000000)
  eden space 22016K, 0% used [0x00000000d5580000,0x00000000d5580000,0x00000000d6b00000)
  from space 4608K, 47% used [0x00000000d6b00000,0x00000000d6d26210,0x00000000d6f80000)
  to   space 3072K, 0% used [0x00000000d7000000,0x00000000d7000000,0x00000000d7300000)
 ParOldGen       total 68608K, used 50921K [0x0000000080000000, 0x0000000084300000, 0x00000000d5580000)
  object space 68608K, 74% used [0x0000000080000000,0x00000000831ba4f8,0x0000000084300000)
 Metaspace       used 61255K, committed 62592K, reserved 1114112K
  class space    used 7260K, committed 7872K, reserved 1048576K
}

