# JRE version: OpenJDK Runtime Environment Temurin-21.0.9+10 (21.0.9+10) (build 21.0.9+10-LTS)
# Java VM: OpenJDK 64-Bit Server VM Temurin-21.0.9+10 (21.0.9+10-LTS, mixed mode, sharing, tiered, compressed oops, compressed class ptrs, parallel gc, windows-amd64)
GC Precious Log:
 CardTable entry size: 512
 CPUs: 8 total, 8 available
 Memory: 7834M
 Large Page Support: Disabled
 NUMA Support: Disabled
 Compressed Oops: Enabled (32-bit)
 Alignments: Space 512K, Generation 512K, Heap 2M
 Heap Min Capacity: 100M
 Heap Initial Capacity: 100M
 Heap Max Capacity: 2G
 Pre-touch: Disabled
 Parallel Workers: 8
Heap:
 PSYoungGen      total 14336K, used 5778K [0x00000000d5580000, 0x00000000d6480000, 0x0000000100000000)
  eden space 13312K, 38% used [0x00000000d5580000,0x00000000d5a84d00,0x00000000d6280000)
  from space 1024K, 62% used [0x00000000d6280000,0x00000000d631fb88,0x00000000d6380000)
  to   space 1024K, 0% used [0x00000000d6380000,0x00000000d6380000,0x00000000d6480000)
 ParOldGen       total 68608K, used 51914K [0x0000000080000000, 0x0000000084300000, 0x00000000d5580000)
  object space 68608K, 75% used [0x0000000080000000,0x00000000832b28d0,0x0000000084300000)
 Metaspace       used 60503K, committed 61824K, reserved 1114112K
  class space    used 7086K, committed 7680K, reserved 1048576K
GC Heap History (20 events):
Event: 17.708 GC heap before
{Heap before GC invocations=39 (full 2):
 PSYoungGen      total 15360K, used 15232K [0x00000000d5580000, 0x00000000d6700000, 0x0000000100000000)
  eden space 13824K, 100% used [0x00000000d5580000,0x00000000d6300000,0x00000000d6300000)
  from space 1536K, 91% used [0x00000000d6580000,0x00000000d66e0010,0x00000000d6700000)
  to   space 1536K, 0% used [0x00000000d6400000,0x00000000d6400000,0x00000000d6580000)
 ParOldGen       total 68608K, used 45084K [0x0000000080000000, 0x0000000084300000, 0x00000000d5580000)
  object space 68608K, 65% used [0x0000000080000000,0x0000000082c072a8,0x0000000084300000)
 Metaspace       used 56623K, committed 57984K, reserved 1114112K
  class space    used 6682K, committed 7296K, reserved 1048576K
}
Event: 17.712 GC heap after
{Heap after GC invocations=39 (full 2):
 PSYoungGen      total 15360K, used 1536K [0x00000000d5580000, 0x00000000d6700000, 0x0000000100000000)
  eden space 13824K, 0% used [0x00000000d5580000,0x00000000d5580000,0x00000000d6300000)
  from space 1536K, 100% used [0x00000000d6400000,0x00000000d6580000,0x00000000d6580000)
  to   space 1536K, 0% used [0x00000000d6580000,0x00000000d6580000,0x00000000d6700000)
 ParOldGen       total 68608K, used 46396K [0x0000000080000000, 0x0000000084300000, 0x00000000d5580000)
  object space 68608K, 67% used [0x0000000080000000,0x0000000082d4f2b8,0x0000000084300000)
 Metaspace       used 56623K, committed 57984K, reserved 1114112K
  class space    used 6682K, committed 7296K, reserved 1048576K
}
Event: 17.902 GC heap before
{Heap before GC invocations=40 (full 2):
 PSYoungGen      total 15360K, used 15360K [0x00000000d5580000, 0x00000000d6700000, 0x0000000100000000)
  eden space 13824K, 100% used [0x00000000d5580000,0x00000000d6300000,0x00000000d6300000)
  from space 1536K, 100% used [0x00000000d6400000,0x00000000d6580000,0x00000000d6580000)
  to   space 1536K, 0% used [0x00000000d6580000,0x00000000d6580000,0x00000000d6700000)
 ParOldGen       total 68608K, used 46396K [0x0000000080000000, 0x0000000084300000, 0x00000000d5580000)
  object space 68608K, 67% used [0x0000000080000000,0x0000000082d4f2b8,0x0000000084300000)
 Metaspace       used 56623K, committed 57984K, reserved 1114112K
  class space    used 6682K, committed 7296K, reserved 1048576K
}
Event: 17.906 GC heap after
{Heap after GC invocations=40 (full 2):
 PSYoungGen      total 15360K, used 1380K [0x00000000d5580000, 0x00000000d6700000, 0x0000000100000000)
  eden space 13824K, 0% used [0x00000000d5580000,0x00000000d5580000,0x00000000d6300000)
  from space 1536K, 89% used [0x00000000d6580000,0x00000000d66d9000,0x00000000d6700000)
  to   space 1536K, 0% used [0x00000000d6400000,0x00000000d6400000,0x00000000d6580000)
 ParOldGen       total 68608K, used 47835K [0x0000000080000000, 0x0000000084300000, 0x00000000d5580000)
  object space 68608K, 69% used [0x0000000080000000,0x0000000082eb6c90,0x0000000084300000)
 Metaspace       used 56623K, committed 57984K, reserved 1114112K
  class space    used 6682K, committed 7296K, reserved 1048576K
}
Event: 18.047 GC heap before
{Heap before GC invocations=41 (full 2):
 PSYoungGen      total 15360K, used 15204K [0x00000000d5580000, 0x00000000d6700000, 0x0000000100000000)
  eden space 13824K, 100% used [0x00000000d5580000,0x00000000d6300000,0x00000000d6300000)
  from space 1536K, 89% used [0x00000000d6580000,0x00000000d66d9000,0x00000000d6700000)
  to   space 1536K, 0% used [0x00000000d6400000,0x00000000d6400000,0x00000000d6580000)
 ParOldGen       total 68608K, used 47835K [0x0000000080000000, 0x0000000084300000, 0x00000000d5580000)
  object space 68608K, 69% used [0x0000000080000000,0x0000000082eb6c90,0x0000000084300000)
 Metaspace       used 56626K, committed 57984K, reserved 1114112K
  class space    used 6682K, committed 7296K, reserved 1048576K
}
Event: 18.050 GC heap after
{Heap after GC invocations=41 (full 2):
 PSYoungGen      total 15360K, used 1312K [0x00000000d5580000, 0x00000000d6600000, 0x0000000100000000)
  eden space 13824K, 0% used [0x00000000d5580000,0x00000000d5580000,0x00000000d6300000)
  from space 1536K, 85% used [0x00000000d6400000,0x00000000d6548000,0x00000000d6580000)
  to   space 512K, 0% used [0x00000000d6580000,0x00000000d6580000,0x00000000d6600000)
 ParOldGen       total 68608K, used 49112K [0x0000000080000000, 0x0000000084300000, 0x00000000d5580000)
  object space 68608K, 71% used [0x0000000080000000,0x0000000082ff62b8,0x0000000084300000)
 Metaspace       used 56626K, committed 57984K, reserved 1114112K
  class space    used 6682K, committed 7296K, reserved 1048576K
}
Event: 18.187 GC heap before
{Heap before GC invocations=42 (full 2):
 PSYoungGen      total 15360K, used 15136K [0x00000000d5580000, 0x00000000d6600000, 0x0000000100000000)
  eden space 13824K, 100% used [0x00000000d5580000,0x00000000d6300000,0x00000000d6300000)
  from space 1536K, 85% used [0x00000000d6400000,0x00000000d6548000,0x00000000d6580000)
  to   space 512K, 0% used [0x00000000d6580000,0x00000000d6580000,0x00000000d6600000)
 ParOldGen       total 68608K, used 49112K [0x0000000080000000, 0x0000000084300000, 0x00000000d5580000)
  object space 68608K, 71% used [0x0000000080000000,0x0000000082ff62b8,0x0000000084300000)
 Metaspace       used 56640K, committed 57984K, reserved 1114112K
  class space    used 6683K, committed 7296K, reserved 1048576K
}
Event: 18.191 GC heap after
{Heap after GC invocations=42 (full 2):
 PSYoungGen      total 13824K, used 512K [0x00000000d5580000, 0x00000000d6900000, 0x0000000100000000)
  eden space 13312K, 0% used [0x00000000d5580000,0x00000000d5580000,0x00000000d6280000)
  from space 512K, 100% used [0x00000000d6580000,0x00000000d6600000,0x00000000d6600000)
  to   space 3072K, 0% used [0x00000000d6280000,0x00000000d6280000,0x00000000d6580000)
 ParOldGen       total 68608K, used 51128K [0x0000000080000000, 0x0000000084300000, 0x00000000d5580000)
  object space 68608K, 74% used [0x0000000080000000,0x00000000831ee2c8,0x0000000084300000)
 Metaspace       used 56640K, committed 57984K, reserved 1114112K
  class space    used 6683K, committed 7296K, reserved 1048576K
}
Event: 18.299 GC heap before
{Heap before GC invocations=43 (full 2):
 PSYoungGen      total 13824K, used 13824K [0x00000000d5580000, 0x00000000d6900000, 0x0000000100000000)
  eden space 13312K, 100% used [0x00000000d5580000,0x00000000d6280000,0x00000000d6280000)
  from space 512K, 100% used [0x00000000d6580000,0x00000000d6600000,0x00000000d6600000)
  to   space 3072K, 0% used [0x00000000d6280000,0x00000000d6280000,0x00000000d6580000)
 ParOldGen       total 68608K, used 51128K [0x0000000080000000, 0x0000000084300000, 0x00000000d5580000)
  object space 68608K, 74% used [0x0000000080000000,0x00000000831ee2c8,0x0000000084300000)
 Metaspace       used 56659K, committed 57984K, reserved 1114112K
  class space    used 6683K, committed 7296K, reserved 1048576K
}
Event: 18.303 GC heap after
{Heap after GC invocations=43 (full 2):
 PSYoungGen      total 14848K, used 1248K [0x00000000d5580000, 0x00000000d6680000, 0x0000000100000000)
  eden space 13312K, 0% used [0x00000000d5580000,0x00000000d5580000,0x00000000d6280000)
  from space 1536K, 81% used [0x00000000d6280000,0x00000000d63b8000,0x00000000d6400000)
  to   space 2048K, 0% used [0x00000000d6480000,0x00000000d6480000,0x00000000d6680000)
 ParOldGen       total 68608K, used 51672K [0x0000000080000000, 0x0000000084300000, 0x00000000d5580000)
  object space 68608K, 75% used [0x0000000080000000,0x00000000832762c8,0x0000000084300000)
 Metaspace       used 56659K, committed 57984K, reserved 1114112K
  class space    used 6683K, committed 7296K, reserved 1048576K
}
Event: 18.447 GC heap before
{Heap before GC invocations=44 (full 2):
 PSYoungGen      total 14848K, used 14560K [0x00000000d5580000, 0x00000000d6680000, 0x0000000100000000)
  eden space 13312K, 100% used [0x00000000d5580000,0x00000000d6280000,0x00000000d6280000)
  from space 1536K, 81% used [0x00000000d6280000,0x00000000d63b8000,0x00000000d6400000)
  to   space 2048K, 0% used [0x00000000d6480000,0x00000000d6480000,0x00000000d6680000)
 ParOldGen       total 68608K, used 51672K [0x0000000080000000, 0x0000000084300000, 0x00000000d5580000)
  object space 68608K, 75% used [0x0000000080000000,0x00000000832762c8,0x0000000084300000)
 Metaspace       used 56663K, committed 57984K, reserved 1114112K
  class space    used 6683K, committed 7296K, reserved 1048576K
}
Event: 18.450 GC heap after
{Heap after GC invocations=44 (full 2):
 PSYoungGen      total 14848K, used 1240K [0x00000000d5580000, 0x00000000d6600000, 0x0000000100000000)
  eden space 13312K, 0% used [0x00000000d5580000,0x00000000d5580000,0x00000000d6280000)
  from space 1536K, 80% used [0x00000000d6480000,0x00000000d65b6200,0x00000000d6600000)
  to   space 1536K, 0% used [0x00000000d6280000,0x00000000d6280000,0x00000000d6400000)
 ParOldGen       total 68608K, used 52784K [0x0000000080000000, 0x0000000084300000, 0x00000000d5580000)
  object space 68608K, 76% used [0x0000000080000000,0x000000008338c2c8,0x0000000084300000)
 Metaspace       used 56663K, committed 57984K, reserved 1114112K
  class space    used 6683K, committed 7296K, reserved 1048576K
}
Event: 21.060 GC heap before
{Heap before GC invocations=45 (full 2):
 PSYoungGen      total 14848K, used 14552K [0x00000000d5580000, 0x00000000d6600000, 0x0000000100000000)
  eden space 13312K, 100% used [0x00000000d5580000,0x00000000d6280000,0x00000000d6280000)
  from space 1536K, 80% used [0x00000000d6480000,0x00000000d65b6200,0x00000000d6600000)
  to   space 1536K, 0% used [0x00000000d6280000,0x00000000d6280000,0x00000000d6400000)
 ParOldGen       total 68608K, used 52784K [0x0000000080000000, 0x0000000084300000, 0x00000000d5580000)
  object space 68608K, 76% used [0x0000000080000000,0x000000008338c2c8,0x0000000084300000)
 Metaspace       used 58034K, committed 59456K, reserved 1114112K
  class space    used 6852K, committed 7488K, reserved 1048576K
}
Event: 21.064 GC heap after
{Heap after GC invocations=45 (full 2):
 PSYoungGen      total 14848K, used 1384K [0x00000000d5580000, 0x00000000d6580000, 0x0000000100000000)
  eden space 13312K, 0% used [0x00000000d5580000,0x00000000d5580000,0x00000000d6280000)
  from space 1536K, 90% used [0x00000000d6280000,0x00000000d63da0f8,0x00000000d6400000)
  to   space 1536K, 0% used [0x00000000d6400000,0x00000000d6400000,0x00000000d6580000)
 ParOldGen       total 68608K, used 53897K [0x0000000080000000, 0x0000000084300000, 0x00000000d5580000)
  object space 68608K, 78% used [0x0000000080000000,0x00000000834a24c8,0x0000000084300000)
 Metaspace       used 58034K, committed 59456K, reserved 1114112K
  class space    used 6852K, committed 7488K, reserved 1048576K
}
Event: 21.222 GC heap before
{Heap before GC invocations=46 (full 2):
 PSYoungGen      total 14848K, used 3908K [0x00000000d5580000, 0x00000000d6580000, 0x0000000100000000)
  eden space 13312K, 18% used [0x00000000d5580000,0x00000000d57f7188,0x00000000d6280000)
  from space 1536K, 90% used [0x00000000d6280000,0x00000000d63da0f8,0x00000000d6400000)
  to   space 1536K, 0% used [0x00000000d6400000,0x00000000d6400000,0x00000000d6580000)
 ParOldGen       total 68608K, used 53897K [0x0000000080000000, 0x0000000084300000, 0x00000000d5580000)
  object space 68608K, 78% used [0x0000000080000000,0x00000000834a24c8,0x0000000084300000)
 Metaspace       used 58420K, committed 59776K, reserved 1114112K
  class space    used 6878K, committed 7488K, reserved 1048576K
}
Event: 21.224 GC heap after
{Heap after GC invocations=46 (full 2):
 PSYoungGen      total 13824K, used 448K [0x00000000d5580000, 0x00000000d6480000, 0x0000000100000000)
  eden space 13312K, 0% used [0x00000000d5580000,0x00000000d5580000,0x00000000d6280000)
  from space 512K, 87% used [0x00000000d6400000,0x00000000d6470000,0x00000000d6480000)
  to   space 1024K, 0% used [0x00000000d6280000,0x00000000d6280000,0x00000000d6380000)
 ParOldGen       total 68608K, used 54809K [0x0000000080000000, 0x0000000084300000, 0x00000000d5580000)
  object space 68608K, 79% used [0x0000000080000000,0x0000000083586588,0x0000000084300000)
 Metaspace       used 58420K, committed 59776K, reserved 1114112K
  class space    used 6878K, committed 7488K, reserved 1048576K
}
Event: 21.224 GC heap before
{Heap before GC invocations=47 (full 3):
 PSYoungGen      total 13824K, used 448K [0x00000000d5580000, 0x00000000d6480000, 0x0000000100000000)
  eden space 13312K, 0% used [0x00000000d5580000,0x00000000d5580000,0x00000000d6280000)
  from space 512K, 87% used [0x00000000d6400000,0x00000000d6470000,0x00000000d6480000)
  to   space 1024K, 0% used [0x00000000d6280000,0x00000000d6280000,0x00000000d6380000)
 ParOldGen       total 68608K, used 54809K [0x0000000080000000, 0x0000000084300000, 0x00000000d5580000)
  object space 68608K, 79% used [0x0000000080000000,0x0000000083586588,0x0000000084300000)
 Metaspace       used 58420K, committed 59776K, reserved 1114112K
  class space    used 6878K, committed 7488K, reserved 1048576K
}
Event: 21.387 GC heap after
{Heap after GC invocations=47 (full 3):
 PSYoungGen      total 13824K, used 0K [0x00000000d5580000, 0x00000000d6480000, 0x0000000100000000)
  eden space 13312K, 0% used [0x00000000d5580000,0x00000000d5580000,0x00000000d6280000)
  from space 512K, 0% used [0x00000000d6400000,0x00000000d6400000,0x00000000d6480000)
  to   space 1024K, 0% used [0x00000000d6280000,0x00000000d6280000,0x00000000d6380000)
 ParOldGen       total 68608K, used 51906K [0x0000000080000000, 0x0000000084300000, 0x00000000d5580000)
  object space 68608K, 75% used [0x0000000080000000,0x00000000832b08d0,0x0000000084300000)
 Metaspace       used 58420K, committed 59776K, reserved 1114112K
  class space    used 6878K, committed 7488K, reserved 1048576K
}
Event: 22.865 GC heap before
{Heap before GC invocations=48 (full 3):
 PSYoungGen      total 13824K, used 13306K [0x00000000d5580000, 0x00000000d6480000, 0x0000000100000000)
  eden space 13312K, 99% used [0x00000000d5580000,0x00000000d627e860,0x00000000d6280000)
  from space 512K, 0% used [0x00000000d6400000,0x00000000d6400000,0x00000000d6480000)
  to   space 1024K, 0% used [0x00000000d6280000,0x00000000d6280000,0x00000000d6380000)
 ParOldGen       total 68608K, used 51906K [0x0000000080000000, 0x0000000084300000, 0x00000000d5580000)
  object space 68608K, 75% used [0x0000000080000000,0x00000000832b08d0,0x0000000084300000)
 Metaspace       used 60135K, committed 61504K, reserved 1114112K
  class space    used 7071K, committed 7680K, reserved 1048576K
}
Event: 22.867 GC heap after
{Heap after GC invocations=48 (full 3):
 PSYoungGen      total 14336K, used 638K [0x00000000d5580000, 0x00000000d6480000, 0x0000000100000000)
  eden space 13312K, 0% used [0x00000000d5580000,0x00000000d5580000,0x00000000d6280000)
  from space 1024K, 62% used [0x00000000d6280000,0x00000000d631fb88,0x00000000d6380000)
  to   space 1024K, 0% used [0x00000000d6380000,0x00000000d6380000,0x00000000d6480000)
 ParOldGen       total 68608K, used 51914K [0x0000000080000000, 0x0000000084300000, 0x00000000d5580000)
  object space 68608K, 75% used [0x0000000080000000,0x00000000832b28d0,0x0000000084300000)
 Metaspace       used 60135K, committed 61504K, reserved 1114112K
  class space    used 7071K, committed 7680K, reserved 1048576K
}

