# JRE version: OpenJDK Runtime Environment Temurin-21.0.9+10 (21.0.9+10) (build 21.0.9+10-LTS)
# Java VM: OpenJDK 64-Bit Server VM Temurin-21.0.9+10 (21.0.9+10-LTS, mixed mode, sharing, tiered, compressed oops, compressed class ptrs, parallel gc, windows-amd64)
GC Precious Log:
 CardTable entry size: 512
 CPUs: 8 total, 8 available
 Memory: 7834M
 Large Page Support: Disabled
 NUMA Support: Disabled
 Compressed Oops: Enabled (32-bit)
 Alignments: Space 512K, Generation 512K, Heap 2M
 Heap Min Capacity: 100M
 Heap Initial Capacity: 100M
 Heap Max Capacity: 2G
 Pre-touch: Disabled
 Parallel Workers: 8
Heap:
 PSYoungGen      total 16384K, used 9042K [0x00000000d5580000, 0x00000000d6700000, 0x0000000100000000)
  eden space 14848K, 52% used [0x00000000d5580000,0x00000000d5d14ba0,0x00000000d6400000)
  from space 1536K, 83% used [0x00000000d6580000,0x00000000d66c0020,0x00000000d6700000)
  to   space 1536K, 0% used [0x00000000d6400000,0x00000000d6400000,0x00000000d6580000)
 ParOldGen       total 68608K, used 53159K [0x0000000080000000, 0x0000000084300000, 0x00000000d5580000)
  object space 68608K, 77% used [0x0000000080000000,0x00000000833e9f68,0x0000000084300000)
 Metaspace       used 58049K, committed 59520K, reserved 1114112K
  class space    used 6807K, committed 7424K, reserved 1048576K
GC Heap History (20 events):
Event: 22.209 GC heap before
{Heap before GC invocations=35 (full 2):
 PSYoungGen      total 15360K, used 15360K [0x00000000d5580000, 0x00000000d6a00000, 0x0000000100000000)
  eden space 14848K, 100% used [0x00000000d5580000,0x00000000d6400000,0x00000000d6400000)
  from space 512K, 100% used [0x00000000d6980000,0x00000000d6a00000,0x00000000d6a00000)
  to   space 1024K, 0% used [0x00000000d6800000,0x00000000d6800000,0x00000000d6900000)
 ParOldGen       total 68608K, used 40324K [0x0000000080000000, 0x0000000084300000, 0x00000000d5580000)
  object space 68608K, 58% used [0x0000000080000000,0x0000000082761098,0x0000000084300000)
 Metaspace       used 56428K, committed 57792K, reserved 1114112K
  class space    used 6644K, committed 7168K, reserved 1048576K
}
Event: 22.212 GC heap after
{Heap after GC invocations=35 (full 2):
 PSYoungGen      total 15872K, used 992K [0x00000000d5580000, 0x00000000d6a00000, 0x0000000100000000)
  eden space 14848K, 0% used [0x00000000d5580000,0x00000000d5580000,0x00000000d6400000)
  from space 1024K, 96% used [0x00000000d6800000,0x00000000d68f8030,0x00000000d6900000)
  to   space 1024K, 0% used [0x00000000d6900000,0x00000000d6900000,0x00000000d6a00000)
 ParOldGen       total 68608K, used 40994K [0x0000000080000000, 0x0000000084300000, 0x00000000d5580000)
  object space 68608K, 59% used [0x0000000080000000,0x0000000082808898,0x0000000084300000)
 Metaspace       used 56428K, committed 57792K, reserved 1114112K
  class space    used 6644K, committed 7168K, reserved 1048576K
}
Event: 22.296 GC heap before
{Heap before GC invocations=36 (full 2):
 PSYoungGen      total 15872K, used 15840K [0x00000000d5580000, 0x00000000d6a00000, 0x0000000100000000)
  eden space 14848K, 100% used [0x00000000d5580000,0x00000000d6400000,0x00000000d6400000)
  from space 1024K, 96% used [0x00000000d6800000,0x00000000d68f8030,0x00000000d6900000)
  to   space 1024K, 0% used [0x00000000d6900000,0x00000000d6900000,0x00000000d6a00000)
 ParOldGen       total 68608K, used 40994K [0x0000000080000000, 0x0000000084300000, 0x00000000d5580000)
  object space 68608K, 59% used [0x0000000080000000,0x0000000082808898,0x0000000084300000)
 Metaspace       used 56428K, committed 57792K, reserved 1114112K
  class space    used 6644K, committed 7168K, reserved 1048576K
}
Event: 22.300 GC heap after
{Heap after GC invocations=36 (full 2):
 PSYoungGen      total 15872K, used 992K [0x00000000d5580000, 0x00000000d6a00000, 0x0000000100000000)
  eden space 14848K, 0% used [0x00000000d5580000,0x00000000d5580000,0x00000000d6400000)
  from space 1024K, 96% used [0x00000000d6900000,0x00000000d69f8010,0x00000000d6a00000)
  to   space 2560K, 0% used [0x00000000d6500000,0x00000000d6500000,0x00000000d6780000)
 ParOldGen       total 68608K, used 42314K [0x0000000080000000, 0x0000000084300000, 0x00000000d5580000)
  object space 68608K, 61% used [0x0000000080000000,0x00000000829528d8,0x0000000084300000)
 Metaspace       used 56428K, committed 57792K, reserved 1114112K
  class space    used 6644K, committed 7168K, reserved 1048576K
}
Event: 22.421 GC heap before
{Heap before GC invocations=37 (full 2):
 PSYoungGen      total 15872K, used 15840K [0x00000000d5580000, 0x00000000d6a00000, 0x0000000100000000)
  eden space 14848K, 100% used [0x00000000d5580000,0x00000000d6400000,0x00000000d6400000)
  from space 1024K, 96% used [0x00000000d6900000,0x00000000d69f8010,0x00000000d6a00000)
  to   space 2560K, 0% used [0x00000000d6500000,0x00000000d6500000,0x00000000d6780000)
 ParOldGen       total 68608K, used 42314K [0x0000000080000000, 0x0000000084300000, 0x00000000d5580000)
  object space 68608K, 61% used [0x0000000080000000,0x00000000829528d8,0x0000000084300000)
 Metaspace       used 56753K, committed 58112K, reserved 1114112K
  class space    used 6691K, committed 7232K, reserved 1048576K
}
Event: 22.425 GC heap after
{Heap after GC invocations=37 (full 2):
 PSYoungGen      total 17408K, used 1698K [0x00000000d5580000, 0x00000000d6980000, 0x0000000100000000)
  eden space 14848K, 0% used [0x00000000d5580000,0x00000000d5580000,0x00000000d6400000)
  from space 2560K, 66% used [0x00000000d6500000,0x00000000d66a8810,0x00000000d6780000)
  to   space 2048K, 0% used [0x00000000d6780000,0x00000000d6780000,0x00000000d6980000)
 ParOldGen       total 68608K, used 43346K [0x0000000080000000, 0x0000000084300000, 0x00000000d5580000)
  object space 68608K, 63% used [0x0000000080000000,0x0000000082a548e8,0x0000000084300000)
 Metaspace       used 56753K, committed 58112K, reserved 1114112K
  class space    used 6691K, committed 7232K, reserved 1048576K
}
Event: 22.532 GC heap before
{Heap before GC invocations=38 (full 2):
 PSYoungGen      total 17408K, used 16546K [0x00000000d5580000, 0x00000000d6980000, 0x0000000100000000)
  eden space 14848K, 100% used [0x00000000d5580000,0x00000000d6400000,0x00000000d6400000)
  from space 2560K, 66% used [0x00000000d6500000,0x00000000d66a8810,0x00000000d6780000)
  to   space 2048K, 0% used [0x00000000d6780000,0x00000000d6780000,0x00000000d6980000)
 ParOldGen       total 68608K, used 43346K [0x0000000080000000, 0x0000000084300000, 0x00000000d5580000)
  object space 68608K, 63% used [0x0000000080000000,0x0000000082a548e8,0x0000000084300000)
 Metaspace       used 56848K, committed 58176K, reserved 1114112K
  class space    used 6707K, committed 7232K, reserved 1048576K
}
Event: 22.536 GC heap after
{Heap after GC invocations=38 (full 2):
 PSYoungGen      total 16896K, used 1536K [0x00000000d5580000, 0x00000000d6980000, 0x0000000100000000)
  eden space 14848K, 0% used [0x00000000d5580000,0x00000000d5580000,0x00000000d6400000)
  from space 2048K, 75% used [0x00000000d6780000,0x00000000d6900010,0x00000000d6980000)
  to   space 2048K, 0% used [0x00000000d6580000,0x00000000d6580000,0x00000000d6780000)
 ParOldGen       total 68608K, used 44944K [0x0000000080000000, 0x0000000084300000, 0x00000000d5580000)
  object space 68608K, 65% used [0x0000000080000000,0x0000000082be4270,0x0000000084300000)
 Metaspace       used 56848K, committed 58176K, reserved 1114112K
  class space    used 6707K, committed 7232K, reserved 1048576K
}
Event: 22.636 GC heap before
{Heap before GC invocations=39 (full 2):
 PSYoungGen      total 16896K, used 16384K [0x00000000d5580000, 0x00000000d6980000, 0x0000000100000000)
  eden space 14848K, 100% used [0x00000000d5580000,0x00000000d6400000,0x00000000d6400000)
  from space 2048K, 75% used [0x00000000d6780000,0x00000000d6900010,0x00000000d6980000)
  to   space 2048K, 0% used [0x00000000d6580000,0x00000000d6580000,0x00000000d6780000)
 ParOldGen       total 68608K, used 44944K [0x0000000080000000, 0x0000000084300000, 0x00000000d5580000)
  object space 68608K, 65% used [0x0000000080000000,0x0000000082be4270,0x0000000084300000)
 Metaspace       used 56860K, committed 58176K, reserved 1114112K
  class space    used 6707K, committed 7232K, reserved 1048576K
}
Event: 22.640 GC heap after
{Heap after GC invocations=39 (full 2):
 PSYoungGen      total 16896K, used 1600K [0x00000000d5580000, 0x00000000d6800000, 0x0000000100000000)
  eden space 14848K, 0% used [0x00000000d5580000,0x00000000d5580000,0x00000000d6400000)
  from space 2048K, 78% used [0x00000000d6580000,0x00000000d6710000,0x00000000d6780000)
  to   space 512K, 0% used [0x00000000d6780000,0x00000000d6780000,0x00000000d6800000)
 ParOldGen       total 68608K, used 46312K [0x0000000080000000, 0x0000000084300000, 0x00000000d5580000)
  object space 68608K, 67% used [0x0000000080000000,0x0000000082d3a280,0x0000000084300000)
 Metaspace       used 56860K, committed 58176K, reserved 1114112K
  class space    used 6707K, committed 7232K, reserved 1048576K
}
Event: 22.725 GC heap before
{Heap before GC invocations=40 (full 2):
 PSYoungGen      total 16896K, used 16448K [0x00000000d5580000, 0x00000000d6800000, 0x0000000100000000)
  eden space 14848K, 100% used [0x00000000d5580000,0x00000000d6400000,0x00000000d6400000)
  from space 2048K, 78% used [0x00000000d6580000,0x00000000d6710000,0x00000000d6780000)
  to   space 512K, 0% used [0x00000000d6780000,0x00000000d6780000,0x00000000d6800000)
 ParOldGen       total 68608K, used 46312K [0x0000000080000000, 0x0000000084300000, 0x00000000d5580000)
  object space 68608K, 67% used [0x0000000080000000,0x0000000082d3a280,0x0000000084300000)
 Metaspace       used 56861K, committed 58176K, reserved 1114112K
  class space    used 6707K, committed 7232K, reserved 1048576K
}
Event: 22.730 GC heap after
{Heap after GC invocations=40 (full 2):
 PSYoungGen      total 15360K, used 512K [0x00000000d5580000, 0x00000000d6a00000, 0x0000000100000000)
  eden space 14848K, 0% used [0x00000000d5580000,0x00000000d5580000,0x00000000d6400000)
  from space 512K, 100% used [0x00000000d6780000,0x00000000d6800000,0x00000000d6800000)
  to   space 3072K, 0% used [0x00000000d6400000,0x00000000d6400000,0x00000000d6700000)
 ParOldGen       total 68608K, used 48607K [0x0000000080000000, 0x0000000084300000, 0x00000000d5580000)
  object space 68608K, 70% used [0x0000000080000000,0x0000000082f77d58,0x0000000084300000)
 Metaspace       used 56861K, committed 58176K, reserved 1114112K
  class space    used 6707K, committed 7232K, reserved 1048576K
}
Event: 22.828 GC heap before
{Heap before GC invocations=41 (full 2):
 PSYoungGen      total 15360K, used 15360K [0x00000000d5580000, 0x00000000d6a00000, 0x0000000100000000)
  eden space 14848K, 100% used [0x00000000d5580000,0x00000000d6400000,0x00000000d6400000)
  from space 512K, 100% used [0x00000000d6780000,0x00000000d6800000,0x00000000d6800000)
  to   space 3072K, 0% used [0x00000000d6400000,0x00000000d6400000,0x00000000d6700000)
 ParOldGen       total 68608K, used 48607K [0x0000000080000000, 0x0000000084300000, 0x00000000d5580000)
  object space 68608K, 70% used [0x0000000080000000,0x0000000082f77d58,0x0000000084300000)
 Metaspace       used 56864K, committed 58176K, reserved 1114112K
  class space    used 6707K, committed 7232K, reserved 1048576K
}
Event: 22.831 GC heap after
{Heap after GC invocations=41 (full 2):
 PSYoungGen      total 16384K, used 1344K [0x00000000d5580000, 0x00000000d6800000, 0x0000000100000000)
  eden space 14848K, 0% used [0x00000000d5580000,0x00000000d5580000,0x00000000d6400000)
  from space 1536K, 87% used [0x00000000d6400000,0x00000000d6550000,0x00000000d6580000)
  to   space 2048K, 0% used [0x00000000d6600000,0x00000000d6600000,0x00000000d6800000)
 ParOldGen       total 68608K, used 49143K [0x0000000080000000, 0x0000000084300000, 0x00000000d5580000)
  object space 68608K, 71% used [0x0000000080000000,0x0000000082ffdd58,0x0000000084300000)
 Metaspace       used 56864K, committed 58176K, reserved 1114112K
  class space    used 6707K, committed 7232K, reserved 1048576K
}
Event: 22.950 GC heap before
{Heap before GC invocations=42 (full 2):
 PSYoungGen      total 16384K, used 16192K [0x00000000d5580000, 0x00000000d6800000, 0x0000000100000000)
  eden space 14848K, 100% used [0x00000000d5580000,0x00000000d6400000,0x00000000d6400000)
  from space 1536K, 87% used [0x00000000d6400000,0x00000000d6550000,0x00000000d6580000)
  to   space 2048K, 0% used [0x00000000d6600000,0x00000000d6600000,0x00000000d6800000)
 ParOldGen       total 68608K, used 49143K [0x0000000080000000, 0x0000000084300000, 0x00000000d5580000)
  object space 68608K, 71% used [0x0000000080000000,0x0000000082ffdd58,0x0000000084300000)
 Metaspace       used 56875K, committed 58304K, reserved 1114112K
  class space    used 6708K, committed 7296K, reserved 1048576K
}
Event: 22.953 GC heap after
{Heap after GC invocations=42 (full 2):
 PSYoungGen      total 16896K, used 1696K [0x00000000d5580000, 0x00000000d6800000, 0x0000000100000000)
  eden space 14848K, 0% used [0x00000000d5580000,0x00000000d5580000,0x00000000d6400000)
  from space 2048K, 82% used [0x00000000d6600000,0x00000000d67a8010,0x00000000d6800000)
  to   space 2048K, 0% used [0x00000000d6400000,0x00000000d6400000,0x00000000d6600000)
 ParOldGen       total 68608K, used 50367K [0x0000000080000000, 0x0000000084300000, 0x00000000d5580000)
  object space 68608K, 73% used [0x0000000080000000,0x000000008312fd58,0x0000000084300000)
 Metaspace       used 56875K, committed 58304K, reserved 1114112K
  class space    used 6708K, committed 7296K, reserved 1048576K
}
Event: 23.015 GC heap before
{Heap before GC invocations=43 (full 2):
 PSYoungGen      total 16896K, used 16544K [0x00000000d5580000, 0x00000000d6800000, 0x0000000100000000)
  eden space 14848K, 100% used [0x00000000d5580000,0x00000000d6400000,0x00000000d6400000)
  from space 2048K, 82% used [0x00000000d6600000,0x00000000d67a8010,0x00000000d6800000)
  to   space 2048K, 0% used [0x00000000d6400000,0x00000000d6400000,0x00000000d6600000)
 ParOldGen       total 68608K, used 50367K [0x0000000080000000, 0x0000000084300000, 0x00000000d5580000)
  object space 68608K, 73% used [0x0000000080000000,0x000000008312fd58,0x0000000084300000)
 Metaspace       used 56895K, committed 58304K, reserved 1114112K
  class space    used 6708K, committed 7296K, reserved 1048576K
}
Event: 23.018 GC heap after
{Heap after GC invocations=43 (full 2):
 PSYoungGen      total 16384K, used 1368K [0x00000000d5580000, 0x00000000d6700000, 0x0000000100000000)
  eden space 14848K, 0% used [0x00000000d5580000,0x00000000d5580000,0x00000000d6400000)
  from space 1536K, 89% used [0x00000000d6400000,0x00000000d6556200,0x00000000d6580000)
  to   space 1536K, 0% used [0x00000000d6580000,0x00000000d6580000,0x00000000d6700000)
 ParOldGen       total 68608K, used 51887K [0x0000000080000000, 0x0000000084300000, 0x00000000d5580000)
  object space 68608K, 75% used [0x0000000080000000,0x00000000832abd68,0x0000000084300000)
 Metaspace       used 56895K, committed 58304K, reserved 1114112K
  class space    used 6708K, committed 7296K, reserved 1048576K
}
Event: 23.097 GC heap before
{Heap before GC invocations=44 (full 2):
 PSYoungGen      total 16384K, used 16216K [0x00000000d5580000, 0x00000000d6700000, 0x0000000100000000)
  eden space 14848K, 100% used [0x00000000d5580000,0x00000000d6400000,0x00000000d6400000)
  from space 1536K, 89% used [0x00000000d6400000,0x00000000d6556200,0x00000000d6580000)
  to   space 1536K, 0% used [0x00000000d6580000,0x00000000d6580000,0x00000000d6700000)
 ParOldGen       total 68608K, used 51887K [0x0000000080000000, 0x0000000084300000, 0x00000000d5580000)
  object space 68608K, 75% used [0x0000000080000000,0x00000000832abd68,0x0000000084300000)
 Metaspace       used 57205K, committed 58560K, reserved 1114112K
  class space    used 6743K, committed 7296K, reserved 1048576K
}
Event: 23.100 GC heap after
{Heap after GC invocations=44 (full 2):
 PSYoungGen      total 16384K, used 1280K [0x00000000d5580000, 0x00000000d6700000, 0x0000000100000000)
  eden space 14848K, 0% used [0x00000000d5580000,0x00000000d5580000,0x00000000d6400000)
  from space 1536K, 83% used [0x00000000d6580000,0x00000000d66c0020,0x00000000d6700000)
  to   space 1536K, 0% used [0x00000000d6400000,0x00000000d6400000,0x00000000d6580000)
 ParOldGen       total 68608K, used 53159K [0x0000000080000000, 0x0000000084300000, 0x00000000d5580000)
  object space 68608K, 77% used [0x0000000080000000,0x00000000833e9f68,0x0000000084300000)
 Metaspace       used 57205K, committed 58560K, reserved 1114112K
  class space    used 6743K, committed 7296K, reserved 1048576K
}

