# JRE version: OpenJDK Runtime Environment (21.0.8) (build 21.0.8+-14196175-b1038.72)
# Java VM: OpenJDK 64-Bit Server VM (21.0.8+-14196175-b1038.72, mixed mode, tiered, compressed oops, compressed class ptrs, g1 gc, windows-amd64)
GC Precious Log:
 CardTable entry size: 512
 Card Set container configuration: InlinePtr #cards 5 size 8 Array Of Cards #cards 12 size 40 Howl #buckets 4 coarsen threshold 1843 Howl Bitmap #cards 512 size 80 coarsen threshold 460 Card regions per heap region 1 cards per card region 2048
 CPUs: 8 total, 8 available
 Memory: 7834M
 Large Page Support: Disabled
 NUMA Support: Disabled
 Compressed Oops: Enabled (Zero based)
 Heap Region Size: 1M
 Heap Min Capacity: 8M
 Heap Initial Capacity: 124M
 Heap Max Capacity: 1536M
 Pre-touch: Disabled
 Parallel Workers: 8
 Concurrent Workers: 2
 Concurrent Refinement Workers: 8
 Periodic GC: Disabled
Heap:
 garbage-first heap   total 189440K, used 140572K [0x0000000200000000, 0x0000000260000000)
  region size 1024K, 25 young (25600K), 3 survivors (3072K)
 Metaspace       used 110511K, committed 112640K, reserved 458752K
  class space    used 15741K, committed 16768K, reserved 327680K
GC Heap History (20 events):
Event: 48.146 GC heap before
{Heap before GC invocations=46 (full 0):
 garbage-first heap   total 140288K, used 124357K [0x0000000200000000, 0x0000000260000000)
  region size 1024K, 38 young (38912K), 6 survivors (6144K)
 Metaspace       used 86740K, committed 88704K, reserved 458752K
  class space    used 12485K, committed 13440K, reserved 327680K
}
Event: 48.156 GC heap after
{Heap after GC invocations=47 (full 0):
 garbage-first heap   total 140288K, used 96756K [0x0000000200000000, 0x0000000260000000)
  region size 1024K, 5 young (5120K), 5 survivors (5120K)
 Metaspace       used 86740K, committed 88704K, reserved 458752K
  class space    used 12485K, committed 13440K, reserved 327680K
}
Event: 50.271 GC heap before
{Heap before GC invocations=48 (full 0):
 garbage-first heap   total 162816K, used 128500K [0x0000000200000000, 0x0000000260000000)
  region size 1024K, 33 young (33792K), 5 survivors (5120K)
 Metaspace       used 88385K, committed 90304K, reserved 458752K
  class space    used 12707K, committed 13632K, reserved 327680K
}
Event: 50.279 GC heap after
{Heap after GC invocations=49 (full 0):
 garbage-first heap   total 162816K, used 104186K [0x0000000200000000, 0x0000000260000000)
  region size 1024K, 5 young (5120K), 5 survivors (5120K)
 Metaspace       used 88385K, committed 90304K, reserved 458752K
  class space    used 12707K, committed 13632K, reserved 327680K
}
Event: 52.154 GC heap before
{Heap before GC invocations=49 (full 0):
 garbage-first heap   total 162816K, used 140026K [0x0000000200000000, 0x0000000260000000)
  region size 1024K, 41 young (41984K), 5 survivors (5120K)
 Metaspace       used 92208K, committed 94208K, reserved 458752K
  class space    used 13141K, committed 14144K, reserved 327680K
}
Event: 52.162 GC heap after
{Heap after GC invocations=50 (full 0):
 garbage-first heap   total 162816K, used 102764K [0x0000000200000000, 0x0000000260000000)
  region size 1024K, 2 young (2048K), 2 survivors (2048K)
 Metaspace       used 92208K, committed 94208K, reserved 458752K
  class space    used 13141K, committed 14144K, reserved 327680K
}
Event: 53.139 GC heap before
{Heap before GC invocations=50 (full 0):
 garbage-first heap   total 162816K, used 117100K [0x0000000200000000, 0x0000000260000000)
  region size 1024K, 17 young (17408K), 2 survivors (2048K)
 Metaspace       used 94189K, committed 96192K, reserved 458752K
  class space    used 13373K, committed 14400K, reserved 327680K
}
Event: 53.143 GC heap after
{Heap after GC invocations=51 (full 0):
 garbage-first heap   total 162816K, used 104463K [0x0000000200000000, 0x0000000260000000)
  region size 1024K, 4 young (4096K), 4 survivors (4096K)
 Metaspace       used 94189K, committed 96192K, reserved 458752K
  class space    used 13373K, committed 14400K, reserved 327680K
}
Event: 53.167 GC heap before
{Heap before GC invocations=51 (full 0):
 garbage-first heap   total 162816K, used 109583K [0x0000000200000000, 0x0000000260000000)
  region size 1024K, 9 young (9216K), 4 survivors (4096K)
 Metaspace       used 94189K, committed 96192K, reserved 458752K
  class space    used 13373K, committed 14400K, reserved 327680K
}
Event: 53.174 GC heap after
{Heap after GC invocations=52 (full 0):
 garbage-first heap   total 162816K, used 107814K [0x0000000200000000, 0x0000000260000000)
  region size 1024K, 5 young (5120K), 5 survivors (5120K)
 Metaspace       used 94189K, committed 96192K, reserved 458752K
  class space    used 13373K, committed 14400K, reserved 327680K
}
Event: 54.707 GC heap before
{Heap before GC invocations=53 (full 0):
 garbage-first heap   total 189440K, used 140582K [0x0000000200000000, 0x0000000260000000)
  region size 1024K, 33 young (33792K), 5 survivors (5120K)
 Metaspace       used 95936K, committed 97920K, reserved 458752K
  class space    used 13618K, committed 14592K, reserved 327680K
}
Event: 54.715 GC heap after
{Heap after GC invocations=54 (full 0):
 garbage-first heap   total 189440K, used 109005K [0x0000000200000000, 0x0000000260000000)
  region size 1024K, 2 young (2048K), 2 survivors (2048K)
 Metaspace       used 95936K, committed 97920K, reserved 458752K
  class space    used 13618K, committed 14592K, reserved 327680K
}
Event: 56.623 GC heap before
{Heap before GC invocations=54 (full 0):
 garbage-first heap   total 189440K, used 155085K [0x0000000200000000, 0x0000000260000000)
  region size 1024K, 48 young (49152K), 2 survivors (2048K)
 Metaspace       used 99777K, committed 101760K, reserved 458752K
  class space    used 14130K, committed 15104K, reserved 327680K
}
Event: 56.641 GC heap after
{Heap after GC invocations=55 (full 0):
 garbage-first heap   total 189440K, used 109418K [0x0000000200000000, 0x0000000260000000)
  region size 1024K, 5 young (5120K), 5 survivors (5120K)
 Metaspace       used 99777K, committed 101760K, reserved 458752K
  class space    used 14130K, committed 15104K, reserved 327680K
}
Event: 59.693 GC heap before
{Heap before GC invocations=55 (full 0):
 garbage-first heap   total 189440K, used 161642K [0x0000000200000000, 0x0000000260000000)
  region size 1024K, 56 young (57344K), 5 survivors (5120K)
 Metaspace       used 103811K, committed 105792K, reserved 458752K
  class space    used 14707K, committed 15680K, reserved 327680K
}
Event: 59.706 GC heap after
{Heap after GC invocations=56 (full 0):
 garbage-first heap   total 189440K, used 111574K [0x0000000200000000, 0x0000000260000000)
  region size 1024K, 5 young (5120K), 5 survivors (5120K)
 Metaspace       used 103811K, committed 105792K, reserved 458752K
  class space    used 14707K, committed 15680K, reserved 327680K
}
Event: 62.490 GC heap before
{Heap before GC invocations=57 (full 0):
 garbage-first heap   total 189440K, used 165846K [0x0000000200000000, 0x0000000260000000)
  region size 1024K, 58 young (59392K), 5 survivors (5120K)
 Metaspace       used 104705K, committed 106816K, reserved 458752K
  class space    used 14820K, committed 15872K, reserved 327680K
}
Event: 62.502 GC heap after
{Heap after GC invocations=58 (full 0):
 garbage-first heap   total 189440K, used 117331K [0x0000000200000000, 0x0000000260000000)
  region size 1024K, 8 young (8192K), 8 survivors (8192K)
 Metaspace       used 104705K, committed 106816K, reserved 458752K
  class space    used 14820K, committed 15872K, reserved 327680K
}
Event: 64.858 GC heap before
{Heap before GC invocations=58 (full 0):
 garbage-first heap   total 189440K, used 167507K [0x0000000200000000, 0x0000000260000000)
  region size 1024K, 57 young (58368K), 8 survivors (8192K)
 Metaspace       used 108545K, committed 110720K, reserved 458752K
  class space    used 15368K, committed 16448K, reserved 327680K
}
Event: 64.895 GC heap after
{Heap after GC invocations=59 (full 0):
 garbage-first heap   total 189440K, used 119068K [0x0000000200000000, 0x0000000260000000)
  region size 1024K, 3 young (3072K), 3 survivors (3072K)
 Metaspace       used 108545K, committed 110720K, reserved 458752K
  class space    used 15368K, committed 16448K, reserved 327680K
}

