# JRE version: OpenJDK Runtime Environment (21.0.8) (build 21.0.8+-14196175-b1038.72)
# Java VM: OpenJDK 64-Bit Server VM (21.0.8+-14196175-b1038.72, mixed mode, tiered, compressed oops, compressed class ptrs, g1 gc, windows-amd64)
GC Precious Log:
 CardTable entry size: 512
 Card Set container configuration: InlinePtr #cards 5 size 8 Array Of Cards #cards 12 size 40 Howl #buckets 4 coarsen threshold 1843 Howl Bitmap #cards 512 size 80 coarsen threshold 460 Card regions per heap region 1 cards per card region 2048
 CPUs: 8 total, 8 available
 Memory: 7834M
 Large Page Support: Disabled
 NUMA Support: Disabled
 Compressed Oops: Enabled (32-bit)
 Heap Region Size: 1M
 Heap Min Capacity: 8M
 Heap Initial Capacity: 124M
 Heap Max Capacity: 1960M
 Pre-touch: Disabled
 Parallel Workers: 8
 Concurrent Workers: 2
 Concurrent Refinement Workers: 8
 Periodic GC: Disabled
Heap:
 garbage-first heap   total 52224K, used 36676K [0x0000000085800000, 0x0000000100000000)
  region size 1024K, 3 young (3072K), 2 survivors (2048K)
 Metaspace       used 54880K, committed 55104K, reserved 1114112K
  class space    used 6557K, committed 6656K, reserved 1048576K
GC Heap History (20 events):
Event: 12.139 GC heap before
{Heap before GC invocations=5 (full 0):
 garbage-first heap   total 40960K, used 24332K [0x0000000085800000, 0x0000000100000000)
  region size 1024K, 13 young (13312K), 3 survivors (3072K)
 Metaspace       used 35763K, committed 35968K, reserved 1114112K
  class space    used 4549K, committed 4672K, reserved 1048576K
}
Event: 12.150 GC heap after
{Heap after GC invocations=6 (full 0):
 garbage-first heap   total 40960K, used 17019K [0x0000000085800000, 0x0000000100000000)
  region size 1024K, 1 young (1024K), 1 survivors (1024K)
 Metaspace       used 35763K, committed 35968K, reserved 1114112K
  class space    used 4549K, committed 4672K, reserved 1048576K
}
Event: 13.207 GC heap before
{Heap before GC invocations=7 (full 0):
 garbage-first heap   total 40960K, used 33403K [0x0000000085800000, 0x0000000100000000)
  region size 1024K, 17 young (17408K), 1 survivors (1024K)
 Metaspace       used 38821K, committed 39040K, reserved 1114112K
  class space    used 4904K, committed 4992K, reserved 1048576K
}
Event: 13.213 GC heap after
{Heap after GC invocations=8 (full 0):
 garbage-first heap   total 40960K, used 19316K [0x0000000085800000, 0x0000000100000000)
  region size 1024K, 3 young (3072K), 3 survivors (3072K)
 Metaspace       used 38821K, committed 39040K, reserved 1114112K
  class space    used 4904K, committed 4992K, reserved 1048576K
}
Event: 14.190 GC heap before
{Heap before GC invocations=8 (full 0):
 garbage-first heap   total 40960K, used 33652K [0x0000000085800000, 0x0000000100000000)
  region size 1024K, 17 young (17408K), 3 survivors (3072K)
 Metaspace       used 41517K, committed 41792K, reserved 1114112K
  class space    used 5179K, committed 5312K, reserved 1048576K
}
Event: 14.203 GC heap after
{Heap after GC invocations=9 (full 0):
 garbage-first heap   total 40960K, used 19859K [0x0000000085800000, 0x0000000100000000)
  region size 1024K, 2 young (2048K), 2 survivors (2048K)
 Metaspace       used 41517K, committed 41792K, reserved 1114112K
  class space    used 5179K, committed 5312K, reserved 1048576K
}
Event: 15.541 GC heap before
{Heap before GC invocations=9 (full 0):
 garbage-first heap   total 40960K, used 32147K [0x0000000085800000, 0x0000000100000000)
  region size 1024K, 15 young (15360K), 2 survivors (2048K)
 Metaspace       used 45263K, committed 45504K, reserved 1114112K
  class space    used 5533K, committed 5632K, reserved 1048576K
}
Event: 15.546 GC heap after
{Heap after GC invocations=10 (full 0):
 garbage-first heap   total 40960K, used 20875K [0x0000000085800000, 0x0000000100000000)
  region size 1024K, 1 young (1024K), 1 survivors (1024K)
 Metaspace       used 45263K, committed 45504K, reserved 1114112K
  class space    used 5533K, committed 5632K, reserved 1048576K
}
Event: 17.938 GC heap before
{Heap before GC invocations=11 (full 0):
 garbage-first heap   total 40960K, used 34187K [0x0000000085800000, 0x0000000100000000)
  region size 1024K, 15 young (15360K), 1 survivors (1024K)
 Metaspace       used 49444K, committed 49664K, reserved 1114112K
  class space    used 5984K, committed 6080K, reserved 1048576K
}
Event: 17.944 GC heap after
{Heap after GC invocations=12 (full 0):
 garbage-first heap   total 40960K, used 21697K [0x0000000085800000, 0x0000000100000000)
  region size 1024K, 2 young (2048K), 2 survivors (2048K)
 Metaspace       used 49444K, committed 49664K, reserved 1114112K
  class space    used 5984K, committed 6080K, reserved 1048576K
}
Event: 19.307 GC heap before
{Heap before GC invocations=12 (full 0):
 garbage-first heap   total 40960K, used 33985K [0x0000000085800000, 0x0000000100000000)
  region size 1024K, 15 young (15360K), 2 survivors (2048K)
 Metaspace       used 52835K, committed 53120K, reserved 1114112K
  class space    used 6338K, committed 6464K, reserved 1048576K
}
Event: 19.317 GC heap after
{Heap after GC invocations=13 (full 0):
 garbage-first heap   total 40960K, used 22093K [0x0000000085800000, 0x0000000100000000)
  region size 1024K, 2 young (2048K), 2 survivors (2048K)
 Metaspace       used 52835K, committed 53120K, reserved 1114112K
  class space    used 6338K, committed 6464K, reserved 1048576K
}
Event: 20.174 GC heap before
{Heap before GC invocations=13 (full 0):
 garbage-first heap   total 40960K, used 31309K [0x0000000085800000, 0x0000000100000000)
  region size 1024K, 12 young (12288K), 2 survivors (2048K)
 Metaspace       used 54436K, committed 54656K, reserved 1114112K
  class space    used 6517K, committed 6592K, reserved 1048576K
}
Event: 20.186 GC heap after
{Heap after GC invocations=14 (full 0):
 garbage-first heap   total 40960K, used 24074K [0x0000000085800000, 0x0000000100000000)
  region size 1024K, 2 young (2048K), 2 survivors (2048K)
 Metaspace       used 54436K, committed 54656K, reserved 1114112K
  class space    used 6517K, committed 6592K, reserved 1048576K
}
Event: 20.542 GC heap before
{Heap before GC invocations=15 (full 0):
 garbage-first heap   total 43008K, used 36362K [0x0000000085800000, 0x0000000100000000)
  region size 1024K, 13 young (13312K), 2 survivors (2048K)
 Metaspace       used 54446K, committed 54720K, reserved 1114112K
  class space    used 6518K, committed 6656K, reserved 1048576K
}
Event: 20.552 GC heap after
{Heap after GC invocations=16 (full 0):
 garbage-first heap   total 43008K, used 29507K [0x0000000085800000, 0x0000000100000000)
  region size 1024K, 2 young (2048K), 2 survivors (2048K)
 Metaspace       used 54446K, committed 54720K, reserved 1114112K
  class space    used 6518K, committed 6656K, reserved 1048576K
}
Event: 20.732 GC heap before
{Heap before GC invocations=16 (full 0):
 garbage-first heap   total 43008K, used 35651K [0x0000000085800000, 0x0000000100000000)
  region size 1024K, 9 young (9216K), 2 survivors (2048K)
 Metaspace       used 54468K, committed 54720K, reserved 1114112K
  class space    used 6518K, committed 6656K, reserved 1048576K
}
Event: 20.743 GC heap after
{Heap after GC invocations=17 (full 0):
 garbage-first heap   total 52224K, used 32768K [0x0000000085800000, 0x0000000100000000)
  region size 1024K, 2 young (2048K), 2 survivors (2048K)
 Metaspace       used 54468K, committed 54720K, reserved 1114112K
  class space    used 6518K, committed 6656K, reserved 1048576K
}
Event: 21.744 GC heap before
{Heap before GC invocations=17 (full 0):
 garbage-first heap   total 52224K, used 44032K [0x0000000085800000, 0x0000000100000000)
  region size 1024K, 13 young (13312K), 2 survivors (2048K)
 Metaspace       used 54850K, committed 55104K, reserved 1114112K
  class space    used 6553K, committed 6656K, reserved 1048576K
}
Event: 21.757 GC heap after
{Heap after GC invocations=18 (full 0):
 garbage-first heap   total 52224K, used 36676K [0x0000000085800000, 0x0000000100000000)
  region size 1024K, 2 young (2048K), 2 survivors (2048K)
 Metaspace       used 54850K, committed 55104K, reserved 1114112K
  class space    used 6553K, committed 6656K, reserved 1048576K
}

