# JRE version: OpenJDK Runtime Environment (21.0.8) (build 21.0.8+-14196175-b1038.72)
# Java VM: OpenJDK 64-Bit Server VM (21.0.8+-14196175-b1038.72, mixed mode, tiered, compressed oops, compressed class ptrs, g1 gc, windows-amd64)
GC Precious Log:
 CardTable entry size: 512
 Card Set container configuration: InlinePtr #cards 5 size 8 Array Of Cards #cards 12 size 40 Howl #buckets 4 coarsen threshold 1843 Howl Bitmap #cards 512 size 80 coarsen threshold 460 Card regions per heap region 1 cards per card region 2048
 CPUs: 8 total, 8 available
 Memory: 7834M
 Large Page Support: Disabled
 NUMA Support: Disabled
 Compressed Oops: Enabled (32-bit)
 Heap Region Size: 1M
 Heap Min Capacity: 8M
 Heap Initial Capacity: 124M
 Heap Max Capacity: 2G
 Pre-touch: Disabled
 Parallel Workers: 8
 Concurrent Workers: 2
 Concurrent Refinement Workers: 8
 Periodic GC: Disabled
Heap:
 garbage-first heap   total 444416K, used 282484K [0x0000000080000000, 0x0000000100000000)
  region size 1024K, 5 young (5120K), 3 survivors (3072K)
 Metaspace       used 149272K, committed 151808K, reserved 557056K
  class space    used 20411K, committed 21568K, reserved 425984K
GC Heap History (20 events):
Event: 130.609 GC heap after
{Heap after GC invocations=83 (full 0):
 garbage-first heap   total 416768K, used 263010K [0x0000000080000000, 0x0000000100000000)
  region size 1024K, 12 young (12288K), 12 survivors (12288K)
 Metaspace       used 141487K, committed 144064K, reserved 557056K
  class space    used 19734K, committed 20928K, reserved 425984K
}
Event: 169.168 GC heap before
{Heap before GC invocations=83 (full 0):
 garbage-first heap   total 416768K, used 372578K [0x0000000080000000, 0x0000000100000000)
  region size 1024K, 120 young (122880K), 12 survivors (12288K)
 Metaspace       used 142844K, committed 145344K, reserved 557056K
  class space    used 19858K, committed 20992K, reserved 425984K
}
Event: 170.481 GC heap after
{Heap after GC invocations=84 (full 0):
 garbage-first heap   total 416768K, used 264670K [0x0000000080000000, 0x0000000100000000)
  region size 1024K, 6 young (6144K), 6 survivors (6144K)
 Metaspace       used 142844K, committed 145344K, reserved 557056K
  class space    used 19858K, committed 20992K, reserved 425984K
}
Event: 184.595 GC heap before
{Heap before GC invocations=84 (full 0):
 garbage-first heap   total 416768K, used 279006K [0x0000000080000000, 0x0000000100000000)
  region size 1024K, 20 young (20480K), 6 survivors (6144K)
 Metaspace       used 143853K, committed 146432K, reserved 557056K
  class space    used 19991K, committed 21184K, reserved 425984K
}
Event: 184.734 GC heap after
{Heap after GC invocations=85 (full 0):
 garbage-first heap   total 416768K, used 263811K [0x0000000080000000, 0x0000000100000000)
  region size 1024K, 2 young (2048K), 2 survivors (2048K)
 Metaspace       used 143853K, committed 146432K, reserved 557056K
  class space    used 19991K, committed 21184K, reserved 425984K
}
Event: 189.113 GC heap before
{Heap before GC invocations=85 (full 0):
 garbage-first heap   total 416768K, used 281219K [0x0000000080000000, 0x0000000100000000)
  region size 1024K, 20 young (20480K), 2 survivors (2048K)
 Metaspace       used 143991K, committed 146560K, reserved 557056K
  class space    used 19999K, committed 21184K, reserved 425984K
}
Event: 189.741 GC heap after
{Heap after GC invocations=86 (full 0):
 garbage-first heap   total 416768K, used 265303K [0x0000000080000000, 0x0000000100000000)
  region size 1024K, 3 young (3072K), 3 survivors (3072K)
 Metaspace       used 143991K, committed 146560K, reserved 557056K
  class space    used 19999K, committed 21184K, reserved 425984K
}
Event: 193.153 GC heap before
{Heap before GC invocations=87 (full 0):
 garbage-first heap   total 444416K, used 282711K [0x0000000080000000, 0x0000000100000000)
  region size 1024K, 21 young (21504K), 3 survivors (3072K)
 Metaspace       used 144189K, committed 146752K, reserved 557056K
  class space    used 20005K, committed 21184K, reserved 425984K
}
Event: 193.295 GC heap after
{Heap after GC invocations=88 (full 0):
 garbage-first heap   total 444416K, used 265078K [0x0000000080000000, 0x0000000100000000)
  region size 1024K, 2 young (2048K), 2 survivors (2048K)
 Metaspace       used 144189K, committed 146752K, reserved 557056K
  class space    used 20005K, committed 21184K, reserved 425984K
}
Event: 194.898 GC heap before
{Heap before GC invocations=88 (full 0):
 garbage-first heap   total 444416K, used 283510K [0x0000000080000000, 0x0000000100000000)
  region size 1024K, 21 young (21504K), 2 survivors (2048K)
 Metaspace       used 144345K, committed 146944K, reserved 557056K
  class space    used 20007K, committed 21184K, reserved 425984K
}
Event: 194.941 GC heap after
{Heap after GC invocations=89 (full 0):
 garbage-first heap   total 444416K, used 270006K [0x0000000080000000, 0x0000000100000000)
  region size 1024K, 3 young (3072K), 3 survivors (3072K)
 Metaspace       used 144345K, committed 146944K, reserved 557056K
  class space    used 20007K, committed 21184K, reserved 425984K
}
Event: 196.611 GC heap before
{Heap before GC invocations=89 (full 0):
 garbage-first heap   total 444416K, used 288438K [0x0000000080000000, 0x0000000100000000)
  region size 1024K, 21 young (21504K), 3 survivors (3072K)
 Metaspace       used 144487K, committed 147008K, reserved 557056K
  class space    used 20007K, committed 21184K, reserved 425984K
}
Event: 196.640 GC heap after
{Heap after GC invocations=90 (full 0):
 garbage-first heap   total 444416K, used 273156K [0x0000000080000000, 0x0000000100000000)
  region size 1024K, 3 young (3072K), 3 survivors (3072K)
 Metaspace       used 144487K, committed 147008K, reserved 557056K
  class space    used 20007K, committed 21184K, reserved 425984K
}
Event: 197.723 GC heap before
{Heap before GC invocations=90 (full 0):
 garbage-first heap   total 444416K, used 291588K [0x0000000080000000, 0x0000000100000000)
  region size 1024K, 21 young (21504K), 3 survivors (3072K)
 Metaspace       used 144566K, committed 147136K, reserved 557056K
  class space    used 20007K, committed 21184K, reserved 425984K
}
Event: 197.751 GC heap after
{Heap after GC invocations=91 (full 0):
 garbage-first heap   total 444416K, used 276833K [0x0000000080000000, 0x0000000100000000)
  region size 1024K, 3 young (3072K), 3 survivors (3072K)
 Metaspace       used 144566K, committed 147136K, reserved 557056K
  class space    used 20007K, committed 21184K, reserved 425984K
}
Event: 205.080 GC heap before
{Heap before GC invocations=91 (full 0):
 garbage-first heap   total 444416K, used 294241K [0x0000000080000000, 0x0000000100000000)
  region size 1024K, 21 young (21504K), 3 survivors (3072K)
 Metaspace       used 144733K, committed 147264K, reserved 557056K
  class space    used 20015K, committed 21184K, reserved 425984K
}
Event: 205.096 GC heap after
{Heap after GC invocations=92 (full 0):
 garbage-first heap   total 444416K, used 278782K [0x0000000080000000, 0x0000000100000000)
  region size 1024K, 3 young (3072K), 3 survivors (3072K)
 Metaspace       used 144733K, committed 147264K, reserved 557056K
  class space    used 20015K, committed 21184K, reserved 425984K
}
Event: 210.499 GC heap before
{Heap before GC invocations=92 (full 0):
 garbage-first heap   total 444416K, used 313598K [0x0000000080000000, 0x0000000100000000)
  region size 1024K, 31 young (31744K), 3 survivors (3072K)
 Metaspace       used 145143K, committed 147712K, reserved 557056K
  class space    used 20045K, committed 21248K, reserved 425984K
}
Event: 210.569 GC heap after
{Heap after GC invocations=93 (full 0):
 garbage-first heap   total 444416K, used 281440K [0x0000000080000000, 0x0000000100000000)
  region size 1024K, 3 young (3072K), 3 survivors (3072K)
 Metaspace       used 145143K, committed 147712K, reserved 557056K
  class space    used 20045K, committed 21248K, reserved 425984K
}
Event: 220.542 GC heap before
{Heap before GC invocations=93 (full 0):
 garbage-first heap   total 444416K, used 370528K [0x0000000080000000, 0x0000000100000000)
  region size 1024K, 91 young (93184K), 3 survivors (3072K)
 Metaspace       used 149178K, committed 151680K, reserved 557056K
  class space    used 20404K, committed 21568K, reserved 425984K
}

