# JRE version: OpenJDK Runtime Environment (21.0.8) (build 21.0.8+-14196175-b1038.72)
# Java VM: OpenJDK 64-Bit Server VM (21.0.8+-14196175-b1038.72, mixed mode, tiered, compressed oops, compressed class ptrs, g1 gc, windows-amd64)
GC Precious Log:
 CardTable entry size: 512
 Card Set container configuration: InlinePtr #cards 5 size 8 Array Of Cards #cards 12 size 40 Howl #buckets 4 coarsen threshold 1843 Howl Bitmap #cards 512 size 80 coarsen threshold 460 Card regions per heap region 1 cards per card region 2048
 CPUs: 8 total, 8 available
 Memory: 7834M
 Large Page Support: Disabled
 NUMA Support: Disabled
 Compressed Oops: Enabled (32-bit)
 Heap Region Size: 1M
 Heap Min Capacity: 8M
 Heap Initial Capacity: 124M
 Heap Max Capacity: 1960M
 Pre-touch: Disabled
 Parallel Workers: 8
 Concurrent Workers: 2
 Concurrent Refinement Workers: 8
 Periodic GC: Disabled
Heap:
 garbage-first heap   total 52224K, used 38556K [0x0000000085800000, 0x0000000100000000)
  region size 1024K, 2 young (2048K), 1 survivors (1024K)
 Metaspace       used 55573K, committed 55872K, reserved 1114112K
  class space    used 6589K, committed 6720K, reserved 1048576K
GC Heap History (20 events):
Event: 12.143 GC heap before
{Heap before GC invocations=5 (full 0):
 garbage-first heap   total 39936K, used 26624K [0x0000000085800000, 0x0000000100000000)
  region size 1024K, 14 young (14336K), 3 survivors (3072K)
 Metaspace       used 35760K, committed 35968K, reserved 1114112K
  class space    used 4552K, committed 4672K, reserved 1048576K
}
Event: 12.154 GC heap after
{Heap after GC invocations=6 (full 0):
 garbage-first heap   total 39936K, used 17528K [0x0000000085800000, 0x0000000100000000)
  region size 1024K, 1 young (1024K), 1 survivors (1024K)
 Metaspace       used 35760K, committed 35968K, reserved 1114112K
  class space    used 4552K, committed 4672K, reserved 1048576K
}
Event: 13.123 GC heap before
{Heap before GC invocations=7 (full 0):
 garbage-first heap   total 39936K, used 30840K [0x0000000085800000, 0x0000000100000000)
  region size 1024K, 15 young (15360K), 1 survivors (1024K)
 Metaspace       used 38705K, committed 38912K, reserved 1114112K
  class space    used 4897K, committed 4992K, reserved 1048576K
}
Event: 13.132 GC heap after
{Heap after GC invocations=8 (full 0):
 garbage-first heap   total 39936K, used 18944K [0x0000000085800000, 0x0000000100000000)
  region size 1024K, 2 young (2048K), 2 survivors (2048K)
 Metaspace       used 38705K, committed 38912K, reserved 1114112K
  class space    used 4897K, committed 4992K, reserved 1048576K
}
Event: 14.034 GC heap before
{Heap before GC invocations=8 (full 0):
 garbage-first heap   total 39936K, used 32256K [0x0000000085800000, 0x0000000100000000)
  region size 1024K, 16 young (16384K), 2 survivors (2048K)
 Metaspace       used 40639K, committed 40896K, reserved 1114112K
  class space    used 5091K, committed 5184K, reserved 1048576K
}
Event: 14.047 GC heap after
{Heap after GC invocations=9 (full 0):
 garbage-first heap   total 39936K, used 21195K [0x0000000085800000, 0x0000000100000000)
  region size 1024K, 2 young (2048K), 2 survivors (2048K)
 Metaspace       used 40639K, committed 40896K, reserved 1114112K
  class space    used 5091K, committed 5184K, reserved 1048576K
}
Event: 14.863 GC heap before
{Heap before GC invocations=9 (full 0):
 garbage-first heap   total 39936K, used 32459K [0x0000000085800000, 0x0000000100000000)
  region size 1024K, 14 young (14336K), 2 survivors (2048K)
 Metaspace       used 43531K, committed 43776K, reserved 1114112K
  class space    used 5385K, committed 5504K, reserved 1048576K
}
Event: 14.869 GC heap after
{Heap after GC invocations=10 (full 0):
 garbage-first heap   total 39936K, used 22266K [0x0000000085800000, 0x0000000100000000)
  region size 1024K, 1 young (1024K), 1 survivors (1024K)
 Metaspace       used 43531K, committed 43776K, reserved 1114112K
  class space    used 5385K, committed 5504K, reserved 1048576K
}
Event: 17.107 GC heap before
{Heap before GC invocations=11 (full 0):
 garbage-first heap   total 39936K, used 33530K [0x0000000085800000, 0x0000000100000000)
  region size 1024K, 13 young (13312K), 1 survivors (1024K)
 Metaspace       used 47292K, committed 47552K, reserved 1114112K
  class space    used 5763K, committed 5888K, reserved 1048576K
}
Event: 17.114 GC heap after
{Heap after GC invocations=12 (full 0):
 garbage-first heap   total 39936K, used 22943K [0x0000000085800000, 0x0000000100000000)
  region size 1024K, 2 young (2048K), 2 survivors (2048K)
 Metaspace       used 47292K, committed 47552K, reserved 1114112K
  class space    used 5763K, committed 5888K, reserved 1048576K
}
Event: 17.983 GC heap before
{Heap before GC invocations=12 (full 0):
 garbage-first heap   total 39936K, used 33183K [0x0000000085800000, 0x0000000100000000)
  region size 1024K, 13 young (13312K), 2 survivors (2048K)
 Metaspace       used 49889K, committed 50112K, reserved 1114112K
  class space    used 5998K, committed 6080K, reserved 1048576K
}
Event: 17.993 GC heap after
{Heap after GC invocations=13 (full 0):
 garbage-first heap   total 39936K, used 24079K [0x0000000085800000, 0x0000000100000000)
  region size 1024K, 2 young (2048K), 2 survivors (2048K)
 Metaspace       used 49889K, committed 50112K, reserved 1114112K
  class space    used 5998K, committed 6080K, reserved 1048576K
}
Event: 18.916 GC heap before
{Heap before GC invocations=13 (full 0):
 garbage-first heap   total 39936K, used 34319K [0x0000000085800000, 0x0000000100000000)
  region size 1024K, 12 young (12288K), 2 survivors (2048K)
 Metaspace       used 52319K, committed 52608K, reserved 1114112K
  class space    used 6267K, committed 6400K, reserved 1048576K
}
Event: 18.925 GC heap after
{Heap after GC invocations=14 (full 0):
 garbage-first heap   total 48128K, used 25329K [0x0000000085800000, 0x0000000100000000)
  region size 1024K, 1 young (1024K), 1 survivors (1024K)
 Metaspace       used 52319K, committed 52608K, reserved 1114112K
  class space    used 6267K, committed 6400K, reserved 1048576K
}
Event: 20.629 GC heap before
{Heap before GC invocations=15 (full 0):
 garbage-first heap   total 48128K, used 40689K [0x0000000085800000, 0x0000000100000000)
  region size 1024K, 17 young (17408K), 1 survivors (1024K)
 Metaspace       used 55279K, committed 55488K, reserved 1114112K
  class space    used 6577K, committed 6656K, reserved 1048576K
}
Event: 20.639 GC heap after
{Heap after GC invocations=16 (full 0):
 garbage-first heap   total 48128K, used 27575K [0x0000000085800000, 0x0000000100000000)
  region size 1024K, 3 young (3072K), 3 survivors (3072K)
 Metaspace       used 55279K, committed 55488K, reserved 1114112K
  class space    used 6577K, committed 6656K, reserved 1048576K
}
Event: 21.094 GC heap before
{Heap before GC invocations=16 (full 0):
 garbage-first heap   total 48128K, used 42935K [0x0000000085800000, 0x0000000100000000)
  region size 1024K, 17 young (17408K), 3 survivors (3072K)
 Metaspace       used 55440K, committed 55680K, reserved 1114112K
  class space    used 6583K, committed 6720K, reserved 1048576K
}
Event: 21.113 GC heap after
{Heap after GC invocations=17 (full 0):
 garbage-first heap   total 52224K, used 33468K [0x0000000085800000, 0x0000000100000000)
  region size 1024K, 3 young (3072K), 3 survivors (3072K)
 Metaspace       used 55440K, committed 55680K, reserved 1114112K
  class space    used 6583K, committed 6720K, reserved 1048576K
}
Event: 21.816 GC heap before
{Heap before GC invocations=17 (full 0):
 garbage-first heap   total 52224K, used 44732K [0x0000000085800000, 0x0000000100000000)
  region size 1024K, 14 young (14336K), 3 survivors (3072K)
 Metaspace       used 55566K, committed 55872K, reserved 1114112K
  class space    used 6589K, committed 6720K, reserved 1048576K
}
Event: 22.832 GC heap after
{Heap after GC invocations=18 (full 0):
 garbage-first heap   total 52224K, used 37888K [0x0000000085800000, 0x0000000100000000)
  region size 1024K, 2 young (2048K), 2 survivors (2048K)
 Metaspace       used 55566K, committed 55872K, reserved 1114112K
  class space    used 6589K, committed 6720K, reserved 1048576K
}

